<?xml version="1.0" encoding="UTF-8"?>
<testng-results ignored="0" total="1" passed="1" failed="0" skipped="0">
  <reporter-output>
  </reporter-output>
  <suite started-at="2023-07-25T16:07:47 IST" name="Suite" finished-at="2023-07-25T16:07:55 IST" duration-ms="7505">
    <groups>
      <group name="cucumber">
        <method signature="AbstractTestNGCucumberTests.runScenario(io.cucumber.testng.PickleWrapper, io.cucumber.testng.FeatureWrapper)[pri:0, instance:com.testrunner.TestRunnerUI@769f71a9]" name="runScenario" class="io.cucumber.testng.AbstractTestNGCucumberTests"/>
      </group> <!-- cucumber -->
    </groups>
    <test started-at="2023-07-25T16:07:47 IST" name="Test" finished-at="2023-07-25T16:07:55 IST" duration-ms="7505">
      <class name="com.testrunner.TestRunnerUI">
        <test-method is-config="true" signature="setUpClass(org.testng.ITestContext)[pri:0, instance:com.testrunner.TestRunnerUI@769f71a9]" started-at="2023-07-25T16:07:47 IST" name="setUpClass" finished-at="2023-07-25T16:07:47 IST" duration-ms="263" status="PASS">
          <params>
            <param index="0">
              <value>
                <![CDATA[org.testng.TestRunner@77a074b4]]>
              </value>
            </param>
          </params>
          <reporter-output>
          </reporter-output>
        </test-method> <!-- setUpClass -->
        <test-method signature="runScenario(io.cucumber.testng.PickleWrapper, io.cucumber.testng.FeatureWrapper)[pri:0, instance:com.testrunner.TestRunnerUI@769f71a9]" started-at="2023-07-25T16:07:47 IST" name="runScenario" description="Runs Cucumber Scenarios" data-provider="scenarios" finished-at="2023-07-25T16:07:55 IST" duration-ms="7184" status="PASS">
          <params>
            <param index="0">
              <value>
                <![CDATA["Add two vegs to the add to cart itemlist"]]>
              </value>
            </param>
            <param index="1">
              <value>
                <![CDATA["To Test the GreenKart Add to Cart feature"]]>
              </value>
            </param>
          </params>
          <reporter-output>
          </reporter-output>
        </test-method> <!-- runScenario -->
        <test-method is-config="true" signature="tearDownClass()[pri:0, instance:com.testrunner.TestRunnerUI@769f71a9]" started-at="2023-07-25T16:07:55 IST" name="tearDownClass" finished-at="2023-07-25T16:07:55 IST" duration-ms="32" status="PASS">
          <reporter-output>
          </reporter-output>
        </test-method> <!-- tearDownClass -->
      </class> <!-- com.testrunner.TestRunnerUI -->
    </test> <!-- Test -->
  </suite> <!-- Suite -->
</testng-results>
